1613895534735	geckodriver	INFO	Listening on 127.0.0.1:60064
1613895537801	mozrunner::runner	INFO	Running command: "C:\\Program Files\\Mozilla Firefox\\firefox.exe" "--marionette" "-foreground" "-no-remote" "-profile" "C:\\Users\\fanmc\\AppData\\Local\\Temp\\rust_mozprofileyop9iZ"
console.warn: SearchSettings: "get: No settings file exists, new profile?" (new Error("", "(unknown module)"))
1613895539800	Marionette	INFO	Listening on port 60073
1613895539854	Marionette	WARN	TLS certificate errors will be ignored for this session
1613895539865	Marionette	ERROR	[18] No reply from Marionette:Register
console.warn: SearchSettings: "get: No settings file exists, new profile?" (new Error("", "(unknown module)"))
1613895705619	Marionette	INFO	Stopped listening on port 60073

###!!! [Child][RunMessage] Error: Channel closing: too late to send/recv, messages will be lost

1613895751535	geckodriver	INFO	Listening on 127.0.0.1:60233
1613895754620	mozrunner::runner	INFO	Running command: "C:\\Program Files\\Mozilla Firefox\\firefox.exe" "--marionette" "-headless" "-foreground" "-no-remote" "-profile" "C:\\Users\\fanmc\\AppData\\Local\\Temp\\rust_mozprofileBwz3ft"
*** You are running in headless mode.
console.warn: SearchSettings: "get: No settings file exists, new profile?" (new Error("", "(unknown module)"))
1613895755935	Marionette	INFO	Listening on port 60241
1613895756163	Marionette	WARN	TLS certificate errors will be ignored for this session
1613895756171	Marionette	ERROR	[18] No reply from Marionette:Register
console.warn: SearchSettings: "get: No settings file exists, new profile?" (new Error("", "(unknown module)"))
console.log: WebExtensions: reset-default-search: No addons in our list are installed.
Exiting due to channel error.
Exiting due to channel error.
\firefox.exe" "--marionette" "-headless" "-foreground" "-no-remote" "-profile" "C:\\Users\\fanmc\\AppData\\Local\\Temp\\rust_mozprofilen3Rn52"
*** You are running in headless mode.
console.warn: SearchSettings: "get: No settings file exists, new profile?" (new Error("", "(unknown module)"))
1613896205387	Marionette	INFO	Listening on port 60729
1613896205676	Marionette	WARN	TLS certificate errors will be ignored for this session
1613896205682	Marionette	ERROR	[18] No reply from Marionette:Register
console.log: WebExtensions: reset-default-search: No addons in our list are installed.
Exiting due to channel error.
Exiting due to channel error.
\firefox.exe" "--marionette" "-headless" "-foreground" "-no-remote" "-profile" "C:\\Users\\fanmc\\AppData\\Local\\Temp\\rust_mozprofile3HhNsf"
*** You are running in headless mode.
console.warn: SearchSettings: "get: No settings file exists, new profile?" (new Error("", "(unknown module)"))
1613896258915	Marionette	INFO	Listening on port 60842
1613896259222	Marionette	WARN	TLS certificate errors will be ignored for this session
1613896259231	Marionette	ERROR	[15] No reply from Marionette:Register
1613896286706	geckodriver	INFO	Listening on 127.0.0.1:60892
1613896289789	mozrunner::runner	INFO	Running command: "C:\\Program Files\\Mozilla Firefox\\firefox.exe" "--marionette" "-headless" "-foreground" "-no-remote" "-profile" "C:\\Users\\fanmc\\AppData\\Local\\Temp\\rust_mozprofilerWK0Ut"
*** You are running in headless mode.
console.warn: SearchSettings: "get: No settings file exists, new profile?" (new Error("", "(unknown module)"))
JavaScript error: chrome://browser/content/places/browserPlacesViews.js, line 131: Error: No DOM node set for aPlacesNode.
node.type: 0. node.parent: [xpconnect wrapped nsINavHistoryResultNode]
1613896291022	Marionette	INFO	Listening on port 60900
1613896291341	Marionette	WARN	TLS certificate errors will be ignored for this session
console.warn: SearchSettings: "get: No settings file exists, new profile?" (new Error("", "(unknown module)"))
1613896291352	Marionette	ERROR	[18] No reply from Marionette:Register
JavaScript warning: https://webapi.amap.com/maps?v=1.4.15&key=729923f88542d91590470f613adb27b5&plugin=AMap.Driving, line 12: Failed to create WebGL context: failIfMajorPerformanceCaveat: Compositor is not hardware-accelerated. (about:config override available: webgl.disable-fail-if-major-performance-caveat)
JavaScript warning: https://webapi.amap.com/maps?v=1.4.15&key=729923f88542d91590470f613adb27b5&plugin=AMap.Driving, line 12: Failed to create WebGL context: failIfMajorPerformanceCaveat: Compositor is not hardware-accelerated. (about:config override available: webgl.disable-fail-if-major-performance-caveat)
JavaScript error: , line 0: NotFoundError: No such JSWindowActor 'MarionetteEvents'
1613896293935	Marionette	INFO	Stopped listening on port 60900
JavaScript error: resource://activity-stream/lib/ASRouter.jsm, line 987: NS_ERROR_ILLEGAL_VALUE: Component returned failure code: 0x80070057 (NS_ERROR_ILLEGAL_VALUE) [nsIObserverService.removeObserver]
[Parent 13948, IPC I/O Parent] WARNING: file /builds/worker/checkouts/gecko/ipc/chromium/src/base/process_util_win.cc:167
1613966464487	geckodriver	INFO	Listening on 127.0.0.1:63372
1613966467522	mozrunner::runner	INFO	Running command: "C:\\Program Files\\Mozilla Firefox\\firefox.exe" "--marionette" "-foreground" "-no-remote" "-profile" "C:\\Users\\fanmc\\AppData\\Local\\Temp\\rust_mozprofileP7hEH5"
console.warn: SearchSettings: "get: No settings file exists, new profile?" (new Error("", "(unknown module)"))
1613966470976	Marionette	INFO	Listening on port 63381
1613966471266	Marionette	WARN	TLS certificate errors will be ignored for this session
1613966471281	Marionette	ERROR	[15] No reply from Marionette:Register
console.warn: SearchSettings: "get: No settings file exists, new profile?" (new Error("", "(unknown module)"))
JavaScript error: , line 0: NotFoundError: No such JSWindowActor 'MarionetteEvents'
1613966473866	Marionette	INFO	Stopped listening on port 63381
